android/app/build/intermediates/manifest_merge_blame_file/fullRelease/processFullReleaseMainManifest/manifest-merger-blame-full-release-report.txt
1<?xml version="1.0" encoding="utf-8"?>
2<manifest xmlns:android="http://schemas.android.com/apk/res/android"
3    package="com.uisp.noc"
4    android:versionCode="1"
5    android:versionName="1.0-beta1" >
6
7    <uses-sdk
8        android:minSdkVersion="24"
9        android:targetSdkVersion="36" />
10
11    <uses-permission android:name="android.permission.INTERNET" />
11-->src\main\AndroidManifest.xml:5:5-67
11-->src\main\AndroidManifest.xml:5:22-64
12    <uses-permission android:name="android.permission.ACCESS_NETWORK_STATE" />
12-->src\main\AndroidManifest.xml:6:5-79
12-->src\main\AndroidManifest.xml:6:22-76
13    <uses-permission android:name="android.permission.POST_NOTIFICATIONS" />
13-->src\main\AndroidManifest.xml:7:5-77
13-->src\main\AndroidManifest.xml:7:22-74
14    <uses-permission android:name="android.permission.FOREGROUND_SERVICE" />
14-->src\main\AndroidManifest.xml:8:5-77
14-->src\main\AndroidManifest.xml:8:22-74
15    <uses-permission android:name="android.permission.FOREGROUND_SERVICE_DATA_SYNC" />
15-->src\main\AndroidManifest.xml:9:5-87
15-->src\main\AndroidManifest.xml:9:22-84
16    <uses-permission android:name="android.permission.WAKE_LOCK" /> <!-- Required by older versions of Google Play services to create IID tokens -->
16-->[com.google.firebase:firebase-messaging:24.0.0] AndroidManifest.xml:24:5-68
16-->[com.google.firebase:firebase-messaging:24.0.0] AndroidManifest.xml:24:22-65
17    <uses-permission android:name="com.google.android.c2dm.permission.RECEIVE" />
17-->[com.google.firebase:firebase-messaging:24.0.0] AndroidManifest.xml:26:5-82
17-->[com.google.firebase:firebase-messaging:24.0.0] AndroidManifest.xml:26:22-79
18    <uses-permission android:name="com.google.android.gms.permission.AD_ID" />
18-->[com.google.android.gms:play-services-measurement-api:22.0.2] AndroidManifest.xml:25:5-79
18-->[com.google.android.gms:play-services-measurement-api:22.0.2] AndroidManifest.xml:25:22-76
19    <uses-permission android:name="android.permission.ACCESS_ADSERVICES_ATTRIBUTION" />
19-->[com.google.android.gms:play-services-measurement-api:22.0.2] AndroidManifest.xml:26:5-88
19-->[com.google.android.gms:play-services-measurement-api:22.0.2] AndroidManifest.xml:26:22-85
20    <uses-permission android:name="android.permission.ACCESS_ADSERVICES_AD_ID" />
20-->[com.google.android.gms:play-services-measurement-api:22.0.2] AndroidManifest.xml:27:5-82
20-->[com.google.android.gms:play-services-measurement-api:22.0.2] AndroidManifest.xml:27:22-79
21    <uses-permission android:name="android.permission.RECEIVE_BOOT_COMPLETED" />
21-->[androidx.work:work-runtime:2.11.0] AndroidManifest.xml:25:5-81
21-->[androidx.work:work-runtime:2.11.0] AndroidManifest.xml:25:22-78
22    <uses-permission android:name="com.google.android.finsky.permission.BIND_GET_INSTALL_REFERRER_SERVICE" />
22-->[com.google.android.gms:play-services-measurement:22.0.2] AndroidManifest.xml:26:5-110
22-->[com.google.android.gms:play-services-measurement:22.0.2] AndroidManifest.xml:26:22-107
23
24    <permission
24-->[androidx.core:core:1.12.0] AndroidManifest.xml:22:5-24:47
25        android:name="com.uisp.noc.DYNAMIC_RECEIVER_NOT_EXPORTED_PERMISSION"
25-->[androidx.core:core:1.12.0] AndroidManifest.xml:23:9-81
26        android:protectionLevel="signature" />
26-->[androidx.core:core:1.12.0] AndroidManifest.xml:24:9-44
27
28    <uses-permission android:name="com.uisp.noc.DYNAMIC_RECEIVER_NOT_EXPORTED_PERMISSION" />
28-->[androidx.core:core:1.12.0] AndroidManifest.xml:26:5-97
28-->[androidx.core:core:1.12.0] AndroidManifest.xml:26:22-94
29
30    <application
30-->src\main\AndroidManifest.xml:12:5-46:19
31        android:name="com.uisp.noc.UispNocApplication"
31-->src\main\AndroidManifest.xml:13:9-43
32        android:allowBackup="true"
32-->src\main\AndroidManifest.xml:14:9-35
33        android:appComponentFactory="androidx.core.app.CoreComponentFactory"
33-->[androidx.core:core:1.12.0] AndroidManifest.xml:28:18-86
34        android:dataExtractionRules="@xml/data_extraction_rules"
34-->src\main\AndroidManifest.xml:15:9-65
35        android:extractNativeLibs="false"
36        android:fullBackupContent="@xml/backup_rules"
36-->src\main\AndroidManifest.xml:16:9-54
37        android:icon="@mipmap/ic_launcher"
37-->src\main\AndroidManifest.xml:17:9-43
38        android:label="@string/app_name"
38-->src\main\AndroidManifest.xml:18:9-41
39        android:networkSecurityConfig="@xml/network_security_config"
39-->src\main\AndroidManifest.xml:22:9-69
40        android:roundIcon="@mipmap/ic_launcher_round"
40-->src\main\AndroidManifest.xml:19:9-54
41        android:supportsRtl="true"
41-->src\main\AndroidManifest.xml:20:9-35
42        android:theme="@style/Theme.UISPNOC" >
42-->src\main\AndroidManifest.xml:21:9-45
43        <activity
43-->src\main\AndroidManifest.xml:24:9-33:20
44            android:name="com.uisp.noc.MainActivity"
44-->src\main\AndroidManifest.xml:25:13-41
45            android:exported="true"
45-->src\main\AndroidManifest.xml:26:13-36
46            android:theme="@style/Theme.UISPNOC" >
46-->src\main\AndroidManifest.xml:27:13-49
47            <intent-filter>
47-->src\main\AndroidManifest.xml:28:13-32:29
48                <action android:name="android.intent.action.MAIN" />
48-->src\main\AndroidManifest.xml:29:17-69
48-->src\main\AndroidManifest.xml:29:25-66
49
50                <category android:name="android.intent.category.LAUNCHER" />
50-->src\main\AndroidManifest.xml:31:17-77
50-->src\main\AndroidManifest.xml:31:27-74
51            </intent-filter>
52        </activity>
53
54        <service
54-->src\main\AndroidManifest.xml:34:9-40:19
55            android:name="com.uisp.noc.MyFirebaseMessagingService"
55-->src\main\AndroidManifest.xml:35:13-55
56            android:exported="false" >
56-->src\main\AndroidManifest.xml:36:13-37
57            <intent-filter>
57-->src\main\AndroidManifest.xml:37:13-39:29
58                <action android:name="com.google.firebase.MESSAGING_EVENT" />
58-->src\main\AndroidManifest.xml:38:17-78
58-->src\main\AndroidManifest.xml:38:25-75
59            </intent-filter>
60        </service>
61        <service
61-->src\main\AndroidManifest.xml:41:9-45:56
62            android:name="com.uisp.noc.GatewayStatusService"
62-->src\main\AndroidManifest.xml:42:13-49
63            android:enabled="true"
63-->src\main\AndroidManifest.xml:43:13-35
64            android:exported="false"
64-->src\main\AndroidManifest.xml:44:13-37
65            android:foregroundServiceType="dataSync" />
65-->src\main\AndroidManifest.xml:45:13-53
66        <service
66-->[com.google.firebase:firebase-messaging-ktx:24.0.0] AndroidManifest.xml:23:9-29:19
67            android:name="com.google.firebase.components.ComponentDiscoveryService"
67-->[com.google.firebase:firebase-messaging-ktx:24.0.0] AndroidManifest.xml:24:13-84
68            android:directBootAware="true"
68-->[com.google.firebase:firebase-common:21.0.0] AndroidManifest.xml:32:13-43
69            android:exported="false" >
69-->[com.google.firebase:firebase-messaging-ktx:24.0.0] AndroidManifest.xml:25:13-37
70            <meta-data
70-->[com.google.firebase:firebase-messaging-ktx:24.0.0] AndroidManifest.xml:26:13-28:85
71                android:name="com.google.firebase.components:com.google.firebase.messaging.ktx.FirebaseMessagingLegacyRegistrar"
71-->[com.google.firebase:firebase-messaging-ktx:24.0.0] AndroidManifest.xml:27:17-129
72                android:value="com.google.firebase.components.ComponentRegistrar" />
72-->[com.google.firebase:firebase-messaging-ktx:24.0.0] AndroidManifest.xml:28:17-82
73            <meta-data
73-->[com.google.firebase:firebase-messaging:24.0.0] AndroidManifest.xml:57:13-59:85
74                android:name="com.google.firebase.components:com.google.firebase.messaging.FirebaseMessagingKtxRegistrar"
74-->[com.google.firebase:firebase-messaging:24.0.0] AndroidManifest.xml:58:17-122
75                android:value="com.google.firebase.components.ComponentRegistrar" />
75-->[com.google.firebase:firebase-messaging:24.0.0] AndroidManifest.xml:59:17-82
76            <meta-data
76-->[com.google.firebase:firebase-messaging:24.0.0] AndroidManifest.xml:60:13-62:85
77                android:name="com.google.firebase.components:com.google.firebase.messaging.FirebaseMessagingRegistrar"
77-->[com.google.firebase:firebase-messaging:24.0.0] AndroidManifest.xml:61:17-119
78                android:value="com.google.firebase.components.ComponentRegistrar" />
78-->[com.google.firebase:firebase-messaging:24.0.0] AndroidManifest.xml:62:17-82
79            <meta-data
79-->[com.google.firebase:firebase-analytics-ktx:22.0.2] AndroidManifest.xml:11:13-13:85
80                android:name="com.google.firebase.components:com.google.firebase.analytics.ktx.FirebaseAnalyticsLegacyRegistrar"
80-->[com.google.firebase:firebase-analytics-ktx:22.0.2] AndroidManifest.xml:12:17-129
81                android:value="com.google.firebase.components.ComponentRegistrar" />
81-->[com.google.firebase:firebase-analytics-ktx:22.0.2] AndroidManifest.xml:13:17-82
82            <meta-data
82-->[com.google.android.gms:play-services-measurement-api:22.0.2] AndroidManifest.xml:37:13-39:85
83                android:name="com.google.firebase.components:com.google.firebase.analytics.connector.internal.AnalyticsConnectorRegistrar"
83-->[com.google.android.gms:play-services-measurement-api:22.0.2] AndroidManifest.xml:38:17-139
84                android:value="com.google.firebase.components.ComponentRegistrar" />
84-->[com.google.android.gms:play-services-measurement-api:22.0.2] AndroidManifest.xml:39:17-82
85            <meta-data
85-->[com.google.firebase:firebase-installations:18.0.0] AndroidManifest.xml:15:13-17:85
86                android:name="com.google.firebase.components:com.google.firebase.installations.FirebaseInstallationsKtxRegistrar"
86-->[com.google.firebase:firebase-installations:18.0.0] AndroidManifest.xml:16:17-130
87                android:value="com.google.firebase.components.ComponentRegistrar" />
87-->[com.google.firebase:firebase-installations:18.0.0] AndroidManifest.xml:17:17-82
88            <meta-data
88-->[com.google.firebase:firebase-installations:18.0.0] AndroidManifest.xml:18:13-20:85
89                android:name="com.google.firebase.components:com.google.firebase.installations.FirebaseInstallationsRegistrar"
89-->[com.google.firebase:firebase-installations:18.0.0] AndroidManifest.xml:19:17-127
90                android:value="com.google.firebase.components.ComponentRegistrar" />
90-->[com.google.firebase:firebase-installations:18.0.0] AndroidManifest.xml:20:17-82
91            <meta-data
91-->[com.google.firebase:firebase-common-ktx:21.0.0] AndroidManifest.xml:12:13-14:85
92                android:name="com.google.firebase.components:com.google.firebase.ktx.FirebaseCommonLegacyRegistrar"
92-->[com.google.firebase:firebase-common-ktx:21.0.0] AndroidManifest.xml:13:17-116
93                android:value="com.google.firebase.components.ComponentRegistrar" />
93-->[com.google.firebase:firebase-common-ktx:21.0.0] AndroidManifest.xml:14:17-82
94            <meta-data
94-->[com.google.firebase:firebase-common:21.0.0] AndroidManifest.xml:35:13-37:85
95                android:name="com.google.firebase.components:com.google.firebase.FirebaseCommonKtxRegistrar"
95-->[com.google.firebase:firebase-common:21.0.0] AndroidManifest.xml:36:17-109
96                android:value="com.google.firebase.components.ComponentRegistrar" />
96-->[com.google.firebase:firebase-common:21.0.0] AndroidManifest.xml:37:17-82
97            <meta-data
97-->[com.google.firebase:firebase-datatransport:18.2.0] AndroidManifest.xml:25:13-27:85
98                android:name="com.google.firebase.components:com.google.firebase.datatransport.TransportRegistrar"
98-->[com.google.firebase:firebase-datatransport:18.2.0] AndroidManifest.xml:26:17-115
99                android:value="com.google.firebase.components.ComponentRegistrar" />
99-->[com.google.firebase:firebase-datatransport:18.2.0] AndroidManifest.xml:27:17-82
100        </service>
101
102        <receiver
102-->[com.google.firebase:firebase-messaging:24.0.0] AndroidManifest.xml:29:9-40:20
103            android:name="com.google.firebase.iid.FirebaseInstanceIdReceiver"
103-->[com.google.firebase:firebase-messaging:24.0.0] AndroidManifest.xml:30:13-78
104            android:exported="true"
104-->[com.google.firebase:firebase-messaging:24.0.0] AndroidManifest.xml:31:13-36
105            android:permission="com.google.android.c2dm.permission.SEND" >
105-->[com.google.firebase:firebase-messaging:24.0.0] AndroidManifest.xml:32:13-73
106            <intent-filter>
106-->[com.google.firebase:firebase-messaging:24.0.0] AndroidManifest.xml:33:13-35:29
107                <action android:name="com.google.android.c2dm.intent.RECEIVE" />
107-->[com.google.firebase:firebase-messaging:24.0.0] AndroidManifest.xml:34:17-81
107-->[com.google.firebase:firebase-messaging:24.0.0] AndroidManifest.xml:34:25-78
108            </intent-filter>
109
110            <meta-data
110-->[com.google.firebase:firebase-messaging:24.0.0] AndroidManifest.xml:37:13-39:40
111                android:name="com.google.android.gms.cloudmessaging.FINISHED_AFTER_HANDLED"
111-->[com.google.firebase:firebase-messaging:24.0.0] AndroidManifest.xml:38:17-92
112                android:value="true" />
112-->[com.google.firebase:firebase-messaging:24.0.0] AndroidManifest.xml:39:17-37
113        </receiver>
114        <!--
115             FirebaseMessagingService performs security checks at runtime,
116             but set to not exported to explicitly avoid allowing another app to call it.
117        -->
118        <service
118-->[com.google.firebase:firebase-messaging:24.0.0] AndroidManifest.xml:46:9-53:19
119            android:name="com.google.firebase.messaging.FirebaseMessagingService"
119-->[com.google.firebase:firebase-messaging:24.0.0] AndroidManifest.xml:47:13-82
120            android:directBootAware="true"
120-->[com.google.firebase:firebase-messaging:24.0.0] AndroidManifest.xml:48:13-43
121            android:exported="false" >
121-->[com.google.firebase:firebase-messaging:24.0.0] AndroidManifest.xml:49:13-37
122            <intent-filter android:priority="-500" >
122-->src\main\AndroidManifest.xml:37:13-39:29
123                <action android:name="com.google.firebase.MESSAGING_EVENT" />
123-->src\main\AndroidManifest.xml:38:17-78
123-->src\main\AndroidManifest.xml:38:25-75
124            </intent-filter>
125        </service>
126
127        <activity
127-->[com.google.android.gms:play-services-base:18.5.0] AndroidManifest.xml:5:9-173
128            android:name="com.google.android.gms.common.api.GoogleApiActivity"
128-->[com.google.android.gms:play-services-base:18.5.0] AndroidManifest.xml:5:19-85
129            android:exported="false"
129-->[com.google.android.gms:play-services-base:18.5.0] AndroidManifest.xml:5:146-170
130            android:theme="@android:style/Theme.Translucent.NoTitleBar" />
130-->[com.google.android.gms:play-services-base:18.5.0] AndroidManifest.xml:5:86-145
131
132        <property
132-->[com.google.android.gms:play-services-measurement-api:22.0.2] AndroidManifest.xml:30:9-32:61
133            android:name="android.adservices.AD_SERVICES_CONFIG"
133-->[com.google.android.gms:play-services-measurement-api:22.0.2] AndroidManifest.xml:31:13-65
134            android:resource="@xml/ga_ad_services_config" />
134-->[com.google.android.gms:play-services-measurement-api:22.0.2] AndroidManifest.xml:32:13-58
135
136        <provider
136-->[com.google.firebase:firebase-common:21.0.0] AndroidManifest.xml:23:9-28:39
137            android:name="com.google.firebase.provider.FirebaseInitProvider"
137-->[com.google.firebase:firebase-common:21.0.0] AndroidManifest.xml:24:13-77
138            android:authorities="com.uisp.noc.firebaseinitprovider"
138-->[com.google.firebase:firebase-common:21.0.0] AndroidManifest.xml:25:13-72
139            android:directBootAware="true"
139-->[com.google.firebase:firebase-common:21.0.0] AndroidManifest.xml:26:13-43
140            android:exported="false"
140-->[com.google.firebase:firebase-common:21.0.0] AndroidManifest.xml:27:13-37
141            android:initOrder="100" />
141-->[com.google.firebase:firebase-common:21.0.0] AndroidManifest.xml:28:13-36
142        <provider
142-->[androidx.emoji2:emoji2:1.2.0] AndroidManifest.xml:24:9-32:20
143            android:name="androidx.startup.InitializationProvider"
143-->[androidx.emoji2:emoji2:1.2.0] AndroidManifest.xml:25:13-67
144            android:authorities="com.uisp.noc.androidx-startup"
144-->[androidx.emoji2:emoji2:1.2.0] AndroidManifest.xml:26:13-68
145            android:exported="false" >
145-->[androidx.emoji2:emoji2:1.2.0] AndroidManifest.xml:27:13-37
146            <meta-data
146-->[androidx.emoji2:emoji2:1.2.0] AndroidManifest.xml:29:13-31:52
147                android:name="androidx.emoji2.text.EmojiCompatInitializer"
147-->[androidx.emoji2:emoji2:1.2.0] AndroidManifest.xml:30:17-75
148                android:value="androidx.startup" />
148-->[androidx.emoji2:emoji2:1.2.0] AndroidManifest.xml:31:17-49
149            <meta-data
149-->[androidx.work:work-runtime:2.11.0] AndroidManifest.xml:34:13-36:52
150                android:name="androidx.work.WorkManagerInitializer"
150-->[androidx.work:work-runtime:2.11.0] AndroidManifest.xml:35:17-68
151                android:value="androidx.startup" />
151-->[androidx.work:work-runtime:2.11.0] AndroidManifest.xml:36:17-49
152            <meta-data
152-->[androidx.lifecycle:lifecycle-process:2.7.0] AndroidManifest.xml:29:13-31:52
153                android:name="androidx.lifecycle.ProcessLifecycleInitializer"
153-->[androidx.lifecycle:lifecycle-process:2.7.0] AndroidManifest.xml:30:17-78
154                android:value="androidx.startup" />
154-->[androidx.lifecycle:lifecycle-process:2.7.0] AndroidManifest.xml:31:17-49
155            <meta-data
155-->[androidx.profileinstaller:profileinstaller:1.3.0] AndroidManifest.xml:29:13-31:52
156                android:name="androidx.profileinstaller.ProfileInstallerInitializer"
156-->[androidx.profileinstaller:profileinstaller:1.3.0] AndroidManifest.xml:30:17-85
157                android:value="androidx.startup" />
157-->[androidx.profileinstaller:profileinstaller:1.3.0] AndroidManifest.xml:31:17-49
158        </provider>
159
160        <service
160-->[androidx.work:work-runtime:2.11.0] AndroidManifest.xml:39:9-45:35
161            android:name="androidx.work.impl.background.systemjob.SystemJobService"
161-->[androidx.work:work-runtime:2.11.0] AndroidManifest.xml:40:13-84
162            android:directBootAware="false"
162-->[androidx.work:work-runtime:2.11.0] AndroidManifest.xml:41:13-44
163            android:enabled="@bool/enable_system_job_service_default"
163-->[androidx.work:work-runtime:2.11.0] AndroidManifest.xml:42:13-70
164            android:exported="true"
164-->[androidx.work:work-runtime:2.11.0] AndroidManifest.xml:43:13-36
165            android:permission="android.permission.BIND_JOB_SERVICE" />
165-->[androidx.work:work-runtime:2.11.0] AndroidManifest.xml:44:13-69
166        <service
166-->[androidx.work:work-runtime:2.11.0] AndroidManifest.xml:46:9-52:35
167            android:name="androidx.work.impl.foreground.SystemForegroundService"
167-->[androidx.work:work-runtime:2.11.0] AndroidManifest.xml:47:13-81
168            android:directBootAware="false"
168-->[androidx.work:work-runtime:2.11.0] AndroidManifest.xml:48:13-44
169            android:enabled="@bool/enable_system_foreground_service_default"
169-->[androidx.work:work-runtime:2.11.0] AndroidManifest.xml:49:13-77
170            android:exported="false" />
170-->[androidx.work:work-runtime:2.11.0] AndroidManifest.xml:50:13-37
171
172        <receiver
172-->[androidx.work:work-runtime:2.11.0] AndroidManifest.xml:54:9-59:35
173            android:name="androidx.work.impl.utils.ForceStopRunnable$BroadcastReceiver"
173-->[androidx.work:work-runtime:2.11.0] AndroidManifest.xml:55:13-88
174            android:directBootAware="false"
174-->[androidx.work:work-runtime:2.11.0] AndroidManifest.xml:56:13-44
175            android:enabled="true"
175-->[androidx.work:work-runtime:2.11.0] AndroidManifest.xml:57:13-35
176            android:exported="false" />
176-->[androidx.work:work-runtime:2.11.0] AndroidManifest.xml:58:13-37
177        <receiver
177-->[androidx.work:work-runtime:2.11.0] AndroidManifest.xml:60:9-69:20
178            android:name="androidx.work.impl.background.systemalarm.RescheduleReceiver"
178-->[androidx.work:work-runtime:2.11.0] AndroidManifest.xml:61:13-88
179            android:directBootAware="false"
179-->[androidx.work:work-runtime:2.11.0] AndroidManifest.xml:62:13-44
180            android:enabled="false"
180-->[androidx.work:work-runtime:2.11.0] AndroidManifest.xml:63:13-36
181            android:exported="false" >
181-->[androidx.work:work-runtime:2.11.0] AndroidManifest.xml:64:13-37
182            <intent-filter>
182-->[androidx.work:work-runtime:2.11.0] AndroidManifest.xml:66:13-68:29
183                <action android:name="android.intent.action.BOOT_COMPLETED" />
183-->[androidx.work:work-runtime:2.11.0] AndroidManifest.xml:67:17-79
183-->[androidx.work:work-runtime:2.11.0] AndroidManifest.xml:67:25-76
184            </intent-filter>
185        </receiver>
186        <receiver
186-->[androidx.work:work-runtime:2.11.0] AndroidManifest.xml:70:9-80:20
187            android:name="androidx.work.impl.diagnostics.DiagnosticsReceiver"
187-->[androidx.work:work-runtime:2.11.0] AndroidManifest.xml:71:13-78
188            android:directBootAware="false"
188-->[androidx.work:work-runtime:2.11.0] AndroidManifest.xml:72:13-44
189            android:enabled="true"
189-->[androidx.work:work-runtime:2.11.0] AndroidManifest.xml:73:13-35
190            android:exported="true"
190-->[androidx.work:work-runtime:2.11.0] AndroidManifest.xml:74:13-36
191            android:permission="android.permission.DUMP" >
191-->[androidx.work:work-runtime:2.11.0] AndroidManifest.xml:75:13-57
192            <intent-filter>
192-->[androidx.work:work-runtime:2.11.0] AndroidManifest.xml:77:13-79:29
193                <action android:name="androidx.work.diagnostics.REQUEST_DIAGNOSTICS" />
193-->[androidx.work:work-runtime:2.11.0] AndroidManifest.xml:78:17-88
193-->[androidx.work:work-runtime:2.11.0] AndroidManifest.xml:78:25-85
194            </intent-filter>
195        </receiver>
196        <receiver
196-->[com.google.android.gms:play-services-measurement:22.0.2] AndroidManifest.xml:29:9-33:20
197            android:name="com.google.android.gms.measurement.AppMeasurementReceiver"
197-->[com.google.android.gms:play-services-measurement:22.0.2] AndroidManifest.xml:30:13-85
198            android:enabled="true"
198-->[com.google.android.gms:play-services-measurement:22.0.2] AndroidManifest.xml:31:13-35
199            android:exported="false" >
199-->[com.google.android.gms:play-services-measurement:22.0.2] AndroidManifest.xml:32:13-37
200        </receiver>
201
202        <service
202-->[com.google.android.gms:play-services-measurement:22.0.2] AndroidManifest.xml:35:9-38:40
203            android:name="com.google.android.gms.measurement.AppMeasurementService"
203-->[com.google.android.gms:play-services-measurement:22.0.2] AndroidManifest.xml:36:13-84
204            android:enabled="true"
204-->[com.google.android.gms:play-services-measurement:22.0.2] AndroidManifest.xml:37:13-35
205            android:exported="false" />
205-->[com.google.android.gms:play-services-measurement:22.0.2] AndroidManifest.xml:38:13-37
206        <service
206-->[com.google.android.gms:play-services-measurement:22.0.2] AndroidManifest.xml:39:9-43:72
207            android:name="com.google.android.gms.measurement.AppMeasurementJobService"
207-->[com.google.android.gms:play-services-measurement:22.0.2] AndroidManifest.xml:40:13-87
208            android:enabled="true"
208-->[com.google.android.gms:play-services-measurement:22.0.2] AndroidManifest.xml:41:13-35
209            android:exported="false"
209-->[com.google.android.gms:play-services-measurement:22.0.2] AndroidManifest.xml:42:13-37
210            android:permission="android.permission.BIND_JOB_SERVICE" />
210-->[com.google.android.gms:play-services-measurement:22.0.2] AndroidManifest.xml:43:13-69
211        <service
211-->[androidx.room:room-runtime-android:2.7.0] AndroidManifest.xml:24:9-28:63
212            android:name="androidx.room.MultiInstanceInvalidationService"
212-->[androidx.room:room-runtime-android:2.7.0] AndroidManifest.xml:25:13-74
213            android:directBootAware="true"
213-->[androidx.room:room-runtime-android:2.7.0] AndroidManifest.xml:26:13-43
214            android:exported="false" />
214-->[androidx.room:room-runtime-android:2.7.0] AndroidManifest.xml:27:13-37
215
216        <uses-library
216-->[androidx.privacysandbox.ads:ads-adservices:1.0.0-beta05] AndroidManifest.xml:23:9-25:40
217            android:name="android.ext.adservices"
217-->[androidx.privacysandbox.ads:ads-adservices:1.0.0-beta05] AndroidManifest.xml:24:13-50
218            android:required="false" />
218-->[androidx.privacysandbox.ads:ads-adservices:1.0.0-beta05] AndroidManifest.xml:25:13-37
219
220        <meta-data
220-->[com.google.android.gms:play-services-basement:18.4.0] AndroidManifest.xml:6:9-122
221            android:name="com.google.android.gms.version"
221-->[com.google.android.gms:play-services-basement:18.4.0] AndroidManifest.xml:6:20-65
222            android:value="@integer/google_play_services_version" />
222-->[com.google.android.gms:play-services-basement:18.4.0] AndroidManifest.xml:6:66-119
223
224        <receiver
224-->[androidx.profileinstaller:profileinstaller:1.3.0] AndroidManifest.xml:34:9-52:20
225            android:name="androidx.profileinstaller.ProfileInstallReceiver"
225-->[androidx.profileinstaller:profileinstaller:1.3.0] AndroidManifest.xml:35:13-76
226            android:directBootAware="false"
226-->[androidx.profileinstaller:profileinstaller:1.3.0] AndroidManifest.xml:36:13-44
227            android:enabled="true"
227-->[androidx.profileinstaller:profileinstaller:1.3.0] AndroidManifest.xml:37:13-35
228            android:exported="true"
228-->[androidx.profileinstaller:profileinstaller:1.3.0] AndroidManifest.xml:38:13-36
229            android:permission="android.permission.DUMP" >
229-->[androidx.profileinstaller:profileinstaller:1.3.0] AndroidManifest.xml:39:13-57
230            <intent-filter>
230-->[androidx.profileinstaller:profileinstaller:1.3.0] AndroidManifest.xml:40:13-42:29
231                <action android:name="androidx.profileinstaller.action.INSTALL_PROFILE" />
231-->[androidx.profileinstaller:profileinstaller:1.3.0] AndroidManifest.xml:41:17-91
231-->[androidx.profileinstaller:profileinstaller:1.3.0] AndroidManifest.xml:41:25-88
232            </intent-filter>
233            <intent-filter>
233-->[androidx.profileinstaller:profileinstaller:1.3.0] AndroidManifest.xml:43:13-45:29
234                <action android:name="androidx.profileinstaller.action.SKIP_FILE" />
234-->[androidx.profileinstaller:profileinstaller:1.3.0] AndroidManifest.xml:44:17-85
234-->[androidx.profileinstaller:profileinstaller:1.3.0] AndroidManifest.xml:44:25-82
235            </intent-filter>
236            <intent-filter>
236-->[androidx.profileinstaller:profileinstaller:1.3.0] AndroidManifest.xml:46:13-48:29
237                <action android:name="androidx.profileinstaller.action.SAVE_PROFILE" />
237-->[androidx.profileinstaller:profileinstaller:1.3.0] AndroidManifest.xml:47:17-88
237-->[androidx.profileinstaller:profileinstaller:1.3.0] AndroidManifest.xml:47:25-85
238            </intent-filter>
239            <intent-filter>
239-->[androidx.profileinstaller:profileinstaller:1.3.0] AndroidManifest.xml:49:13-51:29
240                <action android:name="androidx.profileinstaller.action.BENCHMARK_OPERATION" />
240-->[androidx.profileinstaller:profileinstaller:1.3.0] AndroidManifest.xml:50:17-95
240-->[androidx.profileinstaller:profileinstaller:1.3.0] AndroidManifest.xml:50:25-92
241            </intent-filter>
242        </receiver>
243
244        <service
244-->[com.google.android.datatransport:transport-backend-cct:3.1.9] AndroidManifest.xml:28:9-34:19
245            android:name="com.google.android.datatransport.runtime.backends.TransportBackendDiscovery"
245-->[com.google.android.datatransport:transport-backend-cct:3.1.9] AndroidManifest.xml:29:13-103
246            android:exported="false" >
246-->[com.google.android.datatransport:transport-backend-cct:3.1.9] AndroidManifest.xml:30:13-37
247            <meta-data
247-->[com.google.android.datatransport:transport-backend-cct:3.1.9] AndroidManifest.xml:31:13-33:39
248                android:name="backend:com.google.android.datatransport.cct.CctBackendFactory"
248-->[com.google.android.datatransport:transport-backend-cct:3.1.9] AndroidManifest.xml:32:17-94
249                android:value="cct" />
249-->[com.google.android.datatransport:transport-backend-cct:3.1.9] AndroidManifest.xml:33:17-36
250        </service>
251        <service
251-->[com.google.android.datatransport:transport-runtime:3.1.9] AndroidManifest.xml:26:9-30:19
252            android:name="com.google.android.datatransport.runtime.scheduling.jobscheduling.JobInfoSchedulerService"
252-->[com.google.android.datatransport:transport-runtime:3.1.9] AndroidManifest.xml:27:13-117
253            android:exported="false"
253-->[com.google.android.datatransport:transport-runtime:3.1.9] AndroidManifest.xml:28:13-37
254            android:permission="android.permission.BIND_JOB_SERVICE" >
254-->[com.google.android.datatransport:transport-runtime:3.1.9] AndroidManifest.xml:29:13-69
255        </service>
256
257        <receiver
257-->[com.google.android.datatransport:transport-runtime:3.1.9] AndroidManifest.xml:32:9-34:40